#Original Entry by pokemonpasta
SOURCELONG:Plane-Hopper's Handbook		SOURCESHORT:PHH

CATEGORY=Internal|Default.MOD		DEFINE:EidolonSubtype_Aeon|0		DEFINE:EidolonSubtype_Astral|0		DEFINE:EidolonSubtype_Radiant|0		DEFINE:EidolonSubtype_Storykin|0		DEFINE:EidolonSubtype_Void|0

###Block: Eidolon Subtypes
Aeon Eidolon					KEY:Eidolon Subtype ~ Aeon				CATEGORY:Special Ability			TYPE:Unchained Eidolon Subtype Selection		PREVAREQ:EidolonSubtype_Aeon,0		SOURCEPAGE:p.24			DESC:Created to monitor a specific duality, an aeon eidolon often proves frustratingly headstrong in enforcing its own interpretation of balance.																																																																																										ABILITY:Special Ability|AUTOMATIC|Aeon ~ Unchained Eidolon LVL01|PREVARGTEQ:MasterLevel,1		ABILITY:Special Ability|AUTOMATIC|Aeon ~ Unchained Eidolon LVL04|PREVARGTEQ:MasterLevel,4		ABILITY:Special Ability|AUTOMATIC|Aeon ~ Unchained Eidolon LVL08|PREVARGTEQ:MasterLevel,8		ABILITY:Special Ability|AUTOMATIC|Aeon ~ Unchained Eidolon LVL12|PREVARGTEQ:MasterLevel,12		ABILITY:Special Ability|AUTOMATIC|Aeon ~ Unchained Eidolon LVL16|PREVARGTEQ:MasterLevel,16		ABILITY:Special Ability|AUTOMATIC|Aeon ~ Unchained Eidolon LVL20|PREVARGTEQ:MasterLevel,20		ABILITY:Special Ability|AUTOMATIC|Aeon Base Form ~ Biped|PREABILITY:1,CATEGORY=Special Ability,Unchained Eidolon Base Form ~ Biped																																							ABILITY:Special Ability|AUTOMATIC|Aeon Base Form ~ Serpentine|PREABILITY:1,CATEGORY=Special Ability,Unchained Eidolon Base Form ~ Serpentine			BONUS:VAR|Pool_UnchainedEidolonForm|1	BONUS:VAR|EidolonBiped|1									BONUS:VAR|EidolonSerpentine|1
Astral Eidolon					KEY:Eidolon Subtype ~ Astral			CATEGORY:Special Ability			TYPE:Unchained Eidolon Subtype Selection		PREVAREQ:EidolonSubtype_Astral,0	SOURCEPAGE:p.24			DESC:While some resemble ouroboroses, most astral eidolons are spun from raw thought or the husks of Astral travelers whose silver cords broke.																																																																																											ABILITY:Special Ability|AUTOMATIC|Astral ~ Unchained Eidolon LVL01|PREVARGTEQ:MasterLevel,1		ABILITY:Special Ability|AUTOMATIC|Astral ~ Unchained Eidolon LVL04|PREVARGTEQ:MasterLevel,4		ABILITY:Special Ability|AUTOMATIC|Astral ~ Unchained Eidolon LVL08|PREVARGTEQ:MasterLevel,8		ABILITY:Special Ability|AUTOMATIC|Astral ~ Unchained Eidolon LVL12|PREVARGTEQ:MasterLevel,12	ABILITY:Special Ability|AUTOMATIC|Astral ~ Unchained Eidolon LVL16|PREVARGTEQ:MasterLevel,16	ABILITY:Special Ability|AUTOMATIC|Astral ~ Unchained Eidolon LVL20|PREVARGTEQ:MasterLevel,20	ABILITY:Special Ability|AUTOMATIC|Astral Base Form ~ Biped|PREABILITY:1,CATEGORY=Special Ability,Unchained Eidolon Base Form ~ Biped																																						ABILITY:Special Ability|AUTOMATIC|Astral Base Form ~ Serpentine|PREABILITY:1,CATEGORY=Special Ability,Unchained Eidolon Base Form ~ Serpentine			BONUS:VAR|Pool_UnchainedEidolonForm|1	BONUS:VAR|EidolonBiped|1									BONUS:VAR|EidolonSerpentine|1
Radiant Eidolon					KEY:Eidolon Subtype ~ Radiant			CATEGORY:Special Ability			TYPE:Unchained Eidolon Subtype Selection		PREVAREQ:EidolonSubtype_Radiant,0	SOURCEPAGE:p.25			DESC:Practically glowing with the Positive Energy Plane’s potential, radiant eidolons make for passionate, if judgmental, companions that often have avian features.																																																																																					ABILITY:Special Ability|AUTOMATIC|Radiant ~ Unchained Eidolon LVL01|PREVARGTEQ:MasterLevel,1	ABILITY:Special Ability|AUTOMATIC|Radiant ~ Unchained Eidolon LVL04|PREVARGTEQ:MasterLevel,4	ABILITY:Special Ability|AUTOMATIC|Radiant ~ Unchained Eidolon LVL08|PREVARGTEQ:MasterLevel,8	ABILITY:Special Ability|AUTOMATIC|Radiant ~ Unchained Eidolon LVL12|PREVARGTEQ:MasterLevel,12	ABILITY:Special Ability|AUTOMATIC|Radiant ~ Unchained Eidolon LVL16|PREVARGTEQ:MasterLevel,16	ABILITY:Special Ability|AUTOMATIC|Radiant ~ Unchained Eidolon LVL20|PREVARGTEQ:MasterLevel,20	ABILITY:Special Ability|AUTOMATIC|Radiant Base Form ~ Biped|PREABILITY:1,CATEGORY=Special Ability,Unchained Eidolon Base Form ~ Biped	ABILITY:Special Ability|AUTOMATIC|Radiant Base Form ~ Quadruped|PREABILITY:1,CATEGORY=Special Ability,Unchained Eidolon Base Form ~ Quadruped																																								BONUS:VAR|Pool_UnchainedEidolonForm|1	BONUS:VAR|EidolonBiped|1	BONUS:VAR|EidolonQuadruped|1
Storykin Eidolon				KEY:Eidolon Subtype ~ Storykin			CATEGORY:Special Ability			TYPE:Unchained Eidolon Subtype Selection		PREVAREQ:EidolonSubtype_Storykin,0	SOURCEPAGE:p.31			DESC:The storykin are avatars of the harrow deck’s cards, brought to life through the power of the Harrowed Realm. Most of the storykin are limited in their autonomy, spending their lives acting out the roles in the stories they originated from. The form and alignment of a storykin eidolon is dependent on the harrow card the eidolon is based on. You can reference an actual harrow deck for these eidolons but you can also simulate the suit and alignment of an eidolon from a harrow deck.				ABILITY:Special Ability|AUTOMATIC|Storykin ~ Unchained Eidolon LVL01|PREVARGTEQ:MasterLevel,1	ABILITY:Special Ability|AUTOMATIC|Storykin ~ Unchained Eidolon LVL04|PREVARGTEQ:MasterLevel,4	ABILITY:Special Ability|AUTOMATIC|Storykin ~ Unchained Eidolon LVL08|PREVARGTEQ:MasterLevel,8	ABILITY:Special Ability|AUTOMATIC|Storykin ~ Unchained Eidolon LVL12|PREVARGTEQ:MasterLevel,12	ABILITY:Special Ability|AUTOMATIC|Storykin ~ Unchained Eidolon LVL16|PREVARGTEQ:MasterLevel,16	ABILITY:Special Ability|AUTOMATIC|Storykin ~ Unchained Eidolon LVL20|PREVARGTEQ:MasterLevel,20	ABILITY:Special Ability|AUTOMATIC|Storykin Base Form ~ Biped|PREABILITY:1,CATEGORY=Special Ability,Unchained Eidolon Base Form ~ Biped	ABILITY:Special Ability|AUTOMATIC|Storykin Base Form ~ Quadruped|PREABILITY:1,CATEGORY=Special Ability,Unchained Eidolon Base Form ~ Quadruped		ABILITY:Special Ability|AUTOMATIC|Storykin Base Form ~ Serpentine|PREABILITY:1,CATEGORY=Special Ability,Unchained Eidolon Base Form ~ Serpentine		BONUS:VAR|Pool_UnchainedEidolonForm|1	BONUS:VAR|EidolonBiped|1	BONUS:VAR|EidolonQuadruped|1	BONUS:VAR|EidolonSerpentine|1
Void Eidolon					KEY:Eidolon Subtype ~ Void				CATEGORY:Special Ability			TYPE:Unchained Eidolon Subtype Selection		PREVAREQ:EidolonSubtype_Void,0		SOURCEPAGE:p.25			DESC:Like the sharp-angled sceaduinars they resemble, void eidolons exult in entropy and resent anything bearing even a hint of life—including their summoners.																																																																																							ABILITY:Special Ability|AUTOMATIC|Void ~ Unchained Eidolon LVL01|PREVARGTEQ:MasterLevel,1		ABILITY:Special Ability|AUTOMATIC|Void ~ Unchained Eidolon LVL04|PREVARGTEQ:MasterLevel,4		ABILITY:Special Ability|AUTOMATIC|Void ~ Unchained Eidolon LVL08|PREVARGTEQ:MasterLevel,8		ABILITY:Special Ability|AUTOMATIC|Void ~ Unchained Eidolon LVL12|PREVARGTEQ:MasterLevel,12		ABILITY:Special Ability|AUTOMATIC|Void ~ Unchained Eidolon LVL16|PREVARGTEQ:MasterLevel,16		ABILITY:Special Ability|AUTOMATIC|Void ~ Unchained Eidolon LVL20|PREVARGTEQ:MasterLevel,20		ABILITY:Special Ability|AUTOMATIC|Void Base Form ~ Biped|PREABILITY:1,CATEGORY=Special Ability,Unchained Eidolon Base Form ~ Biped																																																																													BONUS:VAR|Pool_UnchainedEidolonForm|1	BONUS:VAR|EidolonBiped|1

###Block: Eidolon Subtype Base Form Evolutions
Aeon Base Form ~ Biped				CATEGORY:Special Ability	ABILITY:Unchained Eidolon Evolution|AUTOMATIC|Unchained Evolution ~ Claws / Arms|PREVAREQ:RemoveEidolonBaseClaws,0		ABILITY:Unchained Eidolon Evolution|AUTOMATIC|Unchained Evolution ~ Limbs / Arms|Unchained Evolution ~ Limbs / Legs
Aeon Base Form ~ Serpentine			CATEGORY:Special Ability	ABILITY:Unchained Eidolon Evolution|AUTOMATIC|Unchained Evolution ~ Limbs / Arms|Unchained Evolution ~ Tail|Unchained Evolution ~ Slam
Astral Base Form ~ Biped			CATEGORY:Special Ability	ABILITY:Unchained Eidolon Evolution|AUTOMATIC|Unchained Evolution ~ Limbs / Arms|Unchained Evolution ~ Limbs / Legs|Unchained Evolution ~ Slam
Astral Base Form ~ Serpentine		CATEGORY:Special Ability	ABILITY:Unchained Eidolon Evolution|AUTOMATIC|Unchained Evolution ~ Bite|Unchained Evolution ~ Magic Attacks|Unchained Evolution ~ Reach (Bite)|Unchained Evolution ~ Tail|Unchained Evolution ~ Tail Slap
Radiant Base Form ~ Biped			CATEGORY:Special Ability	ABILITY:Unchained Eidolon Evolution|AUTOMATIC|Unchained Evolution ~ Bite|Unchained Evolution ~ Limbs / Arms|Unchained Evolution ~ Limbs / Legs
Radiant Base Form ~ Quadruped		CATEGORY:Special Ability	ABILITY:Unchained Eidolon Evolution|AUTOMATIC|Unchained Evolution ~ Claws / Arms|PREVAREQ:RemoveEidolonBaseClaws,0		ABILITY:Unchained Eidolon Evolution|AUTOMATIC|Unchained Evolution ~ Limbs / Legs|Unchained Evolution ~ Limbs / Legs
Storykin Base Form ~ Biped			CATEGORY:Special Ability	ABILITY:Unchained Eidolon Evolution|AUTOMATIC|Unchained Evolution ~ Limbs / Arms|Unchained Evolution ~ Limbs / Leg|Unchained Evolution ~ Slam
Storykin Base Form ~ Quadruped		CATEGORY:Special Ability	ABILITY:Unchained Eidolon Evolution|AUTOMATIC|Unchained Evolution ~ Limbs / Arms|Unchained Evolution ~ Limbs / Leg|Unchained Evolution ~ Limbs / Leg|Unchained Evolution ~ Slam
Storykin Base Form ~ Serpentine		CATEGORY:Special Ability	ABILITY:Unchained Eidolon Evolution|AUTOMATIC|Unchained Evolution ~ Bite|Unchained Evolution ~ Grab (Tail Slap)|Unchained Evolution ~ Tail|Unchained Evolution ~ Tail Slap
Void Base Form ~ Biped				CATEGORY:Special Ability	ABILITY:Unchained Eidolon Evolution|AUTOMATIC|Unchained Evolution ~ Bite|Unchained Evolution ~ Limbs / Legs|Unchained Evolution ~ Skilled (Stealth)|Unchained Evolution ~ Wing Buffet

###Block: Eidolon Subtype Abilities
#Aeon
Eidolon Progession Lv.1		KEY:Aeon ~ Unchained Eidolon LVL01		CATEGORY:Special Ability	TYPE:SpecialQuality.AeonLVL1													SOURCEPAGE:p.24		DESC:
Eidolon Progession Lv.4		KEY:Aeon ~ Unchained Eidolon LVL04		CATEGORY:Special Ability	TYPE:SpecialQuality.AeonLVL4													SOURCEPAGE:p.24		DESC:
Eidolon Progession Lv.8		KEY:Aeon ~ Unchained Eidolon LVL08		CATEGORY:Special Ability	TYPE:SpecialQuality.AeonLVL8													SOURCEPAGE:p.24		DESC:
Eidolon Progession Lv.12	KEY:Aeon ~ Unchained Eidolon LVL12		CATEGORY:Special Ability	TYPE:SpecialQuality.AeonLVL12													SOURCEPAGE:p.24		DESC:
Eidolon Progession Lv.16	KEY:Aeon ~ Unchained Eidolon LVL16		CATEGORY:Special Ability	TYPE:SpecialQuality.AeonLVL16													SOURCEPAGE:p.24		DESC:
Eidolon Progession Lv.20	KEY:Aeon ~ Unchained Eidolon LVL20		CATEGORY:Special Ability	TYPE:SpecialQuality.AeonLVL20													SOURCEPAGE:p.24		DESC:
#Astral
Eidolon Progession Lv.1		KEY:Astral ~ Unchained Eidolon LVL01	CATEGORY:Special Ability	TYPE:SpecialQuality.AstralLVL1													SOURCEPAGE:p.24		DESC:
Eidolon Progession Lv.4		KEY:Astral ~ Unchained Eidolon LVL04	CATEGORY:Special Ability	TYPE:SpecialQuality.AstralLVL4													SOURCEPAGE:p.24		DESC:
Eidolon Progession Lv.8		KEY:Astral ~ Unchained Eidolon LVL08	CATEGORY:Special Ability	TYPE:SpecialQuality.AstralLVL8													SOURCEPAGE:p.25		DESC:
Eidolon Progession Lv.12	KEY:Astral ~ Unchained Eidolon LVL12	CATEGORY:Special Ability	TYPE:SpecialQuality.AstralLVL12													SOURCEPAGE:p.25		DESC:
Eidolon Progession Lv.16	KEY:Astral ~ Unchained Eidolon LVL16	CATEGORY:Special Ability	TYPE:SpecialQuality.AstralLVL16													SOURCEPAGE:p.25		DESC:
Eidolon Progession Lv.20	KEY:Astral ~ Unchained Eidolon LVL20	CATEGORY:Special Ability	TYPE:SpecialQuality.AstralLVL20													SOURCEPAGE:p.25		DESC:
#Radiant
Eidolon Progession Lv.1		KEY:Radiant ~ Unchained Eidolon LVL01	CATEGORY:Special Ability	TYPE:SpecialQuality.RadiantLVL1													SOURCEPAGE:p.25		DESC:
Eidolon Progession Lv.4		KEY:Radiant ~ Unchained Eidolon LVL04	CATEGORY:Special Ability	TYPE:SpecialQuality.RadiantLVL4													SOURCEPAGE:p.25		DESC:
Eidolon Progession Lv.8		KEY:Radiant ~ Unchained Eidolon LVL08	CATEGORY:Special Ability	TYPE:SpecialQuality.RadiantLVL8													SOURCEPAGE:p.25		DESC:
Eidolon Progession Lv.12	KEY:Radiant ~ Unchained Eidolon LVL12	CATEGORY:Special Ability	TYPE:SpecialQuality.RadiantLVL12												SOURCEPAGE:p.25		DESC:
Eidolon Progession Lv.16	KEY:Radiant ~ Unchained Eidolon LVL16	CATEGORY:Special Ability	TYPE:SpecialQuality.RadiantLVL16												SOURCEPAGE:p.25		DESC:
Eidolon Progession Lv.20	KEY:Radiant ~ Unchained Eidolon LVL20	CATEGORY:Special Ability	TYPE:SpecialQuality.RadiantLVL20												SOURCEPAGE:p.25		DESC:
#Storykin
Eidolon Progession Lv.1		KEY:Storykin ~ Unchained Eidolon LVL01	CATEGORY:Special Ability	TYPE:SpecialQuality.StorykinLVL1												SOURCEPAGE:p.31		DESC:
Eidolon Progession Lv.4		KEY:Storykin ~ Unchained Eidolon LVL04	CATEGORY:Special Ability	TYPE:SpecialQuality.StorykinLVL4												SOURCEPAGE:p.31		DESC:
Eidolon Progession Lv.8		KEY:Storykin ~ Unchained Eidolon LVL08	CATEGORY:Special Ability	TYPE:SpecialQuality.StorykinLVL8												SOURCEPAGE:p.31		DESC:
Eidolon Progession Lv.12	KEY:Storykin ~ Unchained Eidolon LVL12	CATEGORY:Special Ability	TYPE:SpecialQuality.StorykinLVL12												SOURCEPAGE:p.31		DESC:
Eidolon Progession Lv.16	KEY:Storykin ~ Unchained Eidolon LVL16	CATEGORY:Special Ability	TYPE:SpecialQuality.StorykinLVL16												SOURCEPAGE:p.31		DESC:
Eidolon Progession Lv.20	KEY:Storykin ~ Unchained Eidolon LVL20	CATEGORY:Special Ability	TYPE:SpecialQuality.StorykinLVL20												SOURCEPAGE:p.31		DESC:
#Void
Eidolon Progession Lv.1		KEY:Void ~ Unchained Eidolon LVL01		CATEGORY:Special Ability	TYPE:SpecialQuality.VoidLVL1													SOURCEPAGE:p.25		DESC:
Eidolon Progession Lv.4		KEY:Void ~ Unchained Eidolon LVL04		CATEGORY:Special Ability	TYPE:SpecialQuality.VoidLVL4													SOURCEPAGE:p.25		DESC:
Eidolon Progession Lv.8		KEY:Void ~ Unchained Eidolon LVL08		CATEGORY:Special Ability	TYPE:SpecialQuality.VoidLVL8													SOURCEPAGE:p.25		DESC:
Eidolon Progession Lv.12	KEY:Void ~ Unchained Eidolon LVL12		CATEGORY:Special Ability	TYPE:SpecialQuality.VoidLVL12													SOURCEPAGE:p.25		DESC:
Eidolon Progession Lv.16	KEY:Void ~ Unchained Eidolon LVL16		CATEGORY:Special Ability	TYPE:SpecialQuality.VoidLVL16													SOURCEPAGE:p.25		DESC:
Eidolon Progession Lv.20	KEY:Void ~ Unchained Eidolon LVL20		CATEGORY:Special Ability	TYPE:SpecialQuality.VoidLVL20													SOURCEPAGE:p.25		DESC:
