SOURCELONG:Plane-Hopper's Handbook		SOURCESHORT:PHH

# =============================
# Alternate Elemental Heritages
# =============================

###Block: Oread
Gemsoul				KEY:Oread Racial Subtype ~ Gemsoul			CATEGORY:Special Ability	TYPE:Oread Racial Subtype.SpecialQuality	PREMULT:1,[PREABILITY:1,CATEGORY=Special Ability,Oread Racial Subtype ~ Gemsoul],[!PREFACT:1,ABILITIES,Oread_ReplaceSpellLikeAbility=true,Oread_ReplaceEarthAffinity=true,Oread_ReplaceAbilityScores=true]	BONUS:STAT|STR,CHA|2	BONUS:STAT|WIS|-2	DESC:With scintillating personalities to match their captivating appearances, gemsoul oreads command attention—and prefer it that way. Gemsouls tend to have large egos and are flashy in their relationships. They gravitate towards artistic pursuits, most frequently of a performative nature, though they also have a strong tradition of symmetric poetry. Gemsouls prefer to make their homes in flamboyant societies or places where they can make meaningful personal contributions, as well as in nations that appreciate cultivated beauty. Gemsouls typically have dazzling, faceted skin, along with a cluster of crystalline formations instead of hair and pupil-less eyes of vivid colors. Some favor tattoos in complex, branching geometric shapes, and they can frequently be seen wearing silks or brightly dyed linen to contrast their complexions.	ABILITY:Oread Racial Trait|NORMAL|Gemsoul Oread ~ Crystal Affinity	ABILITY:Oread Racial Trait|NORMAL|Gemsoul Oread ~ Spell-Like Ability	SOURCEPAGE:p.20
Ironsoul			KEY:Oread Racial Subtype ~ Ironsoul			CATEGORY:Special Ability	TYPE:Oread Racial Subtype.SpecialQuality	PREMULT:1,[PREABILITY:1,CATEGORY=Special Ability,Oread Racial Subtype ~ Ironsoul],[!PREFACT:1,ABILITIES,Oread_ReplaceSpellLikeAbility=true,Oread_ReplaceEarthAffinity=true,Oread_ReplaceAbilityScores=true]	BONUS:STAT|CON,WIS|2	BONUS:STAT|DEX|-2	DESC:Stolid and indomitable, ironsoul oreads undertake great works, both physical and conceptual, with unwavering determination. Possessed of patience and a sense of self-refinement through struggle, ironsouls reflect their ancestry in their continuous and determined efforts towards self-improvement. Ironsouls are most at home in areas that reflect that same sense of directed and intentional growth, and they operate best within existing formal structures. Ironsouls wear their elemental heritage on their skin, with most having some amount of metallic sheen. Their skin tone varies, with colors ranging from gold and silver to copper-green and dull, oxide gray.																																													ABILITY:Oread Racial Trait|NORMAL|Ironsoul Oread ~ Metal Affinity	ABILITY:Oread Racial Trait|NORMAL|Ironsoul Oread ~ Spell-Like Ability	SOURCEPAGE:p.20

###Block: Ifrit
Lavasoul
Sunsoul

###Block: Sylph
Smokesoul
Stormsoul

###Block: Undine
Mistsoul
Rimesoul

# =======================
# Alternate Racial Traits
# =======================

###Block: Oread Alternate Racial Traits
#Gemsoul
Spell-Like Ability		KEY:Gemsoul Oread ~ Spell-Like Ability		CATEGORY:Special Ability	TYPE:RacialTraits.SpecialQuality.Extraordinary.OreadRacialTrait		PREABILITY:1,CATEGORY=Special Ability,Oread Racial Subtype ~ Gemsoul	PREMULT:1,[PREABILITY:1,CATEGORY=Special Ability,Gemsoul Oread ~ Spell-Like Ability],[!PREFACT:1,ABILITIES,Oread_ReplaceSpellLikeAbility=true]			DEFINE:OreadSLATimes|0	SPELLS:Innate|TIMES=OreadSLATimes|CASTERLEVEL=TL|Color Spray	DESC:Color Spray %1/day.|OreadSLATimes																														BONUS:VAR|OreadSLATimes|1				SOURCEPAGE:p.20
Crystal Affinity		KEY:Gemsoul Oread ~ Crystal Affinity		CATEGORY:Special Ability	TYPE:RacialTraits.SpecialQuality.Extraordinary.OreadRacialTrait		PREABILITY:1,CATEGORY=Special Ability,Oread Racial Subtype ~ Gemsoul	PREMULT:1,[PREABILITY:1,CATEGORY=Special Ability,Gemsoul Oread ~ Crystal Affinity],[!PREFACT:1,ABILITIES,Oread_ReplaceEarthAffinity=true]				DESC:Oread sorcerers with the deep earth bloodline treat their Charisma score as 2 higher for all sorcerer spells and class abilities.  Oread spellcasters with the Charm domain use their domain powers and spells at +1 caster level.														SOURCEPAGE:p.20
#Ironsoul
Spell-Like Ability		KEY:Ironsoul Oread ~ Spell-Like Ability		CATEGORY:Special Ability	TYPE:RacialTraits.SpecialQuality.Extraordinary.OreadRacialTrait		PREABILITY:1,CATEGORY=Special Ability,Oread Racial Subtype ~ Ironsoul	PREMULT:1,[PREABILITY:1,CATEGORY=Special Ability,Ironsoul Oread ~ Spell-Like Ability],[!PREFACT:1,ABILITIES,Oread_ReplaceSpellLikeAbility=true]			DEFINE:OreadSLATimes|0	SPELLS:Innate|TIMES=OreadSLATimes|CASTERLEVEL=TL|Unerring Weapon	DESC:Unerring Weapon %1/day.|OreadSLATimes																												BONUS:VAR|OreadSLATimes|1				SOURCEPAGE:p.20
Metal Affinity			KEY:Ironsoul Oread ~ Metal Affinity			CATEGORY:Special Ability	TYPE:RacialTraits.SpecialQuality.Extraordinary.OreadRacialTrait		PREABILITY:1,CATEGORY=Special Ability,Oread Racial Subtype ~ Ironsoul	PREMULT:1,[PREABILITY:1,CATEGORY=Special Ability,Ironsoul Oread ~ Metal Affinity],[!PREFACT:1,ABILITIES,Oread_ReplaceEarthAffinity=true]				DESC:Oread sorcerers with the Shaitan bloodline treat their Charisma score as 2 higher for all sorcerer spells and class abilities.  Oread spellcasters with the Metal subdomain use their domain powers and spells at +1 caster level.														SOURCEPAGE:p.20
